Processor: Intel(R) Core(TM) i7-9750H CPU @ 2.60GHz, 12 core(s) @ 2899 MHz 
Available Memory: 11296 MB 
Linux Kernel and distribution: Linux 6.14 Ubuntu 25.04 64bit
System Language: en_US
Keyboard Layout: pt
Selected window backend: x11 
Mono path[0] = '/home/adriano/Desktop/maze-solver-rl/Build/OnlyWaypoints/mazes_Data/Managed'
Mono config path = '/home/adriano/Desktop/maze-solver-rl/Build/OnlyWaypoints/mazes_Data/MonoBleedingEdge/etc'
Found 1 interfaces on host : 0) 192.168.1.92
Player connection [139768160800640]  Target information:

Player connection [139768160800640]  * "[IP] 192.168.1.92 [Port] 55000 [Flags] 2 [Guid] 1145027454 [EditorId] 2981316738 [Version] 1048832 [Id] LinuxPlayer(13,192.168.1.92) [Debug] 0 [PackageName] LinuxPlayer [ProjectName] First Environment - TRI" 

Player connection [139768160800640] Started UDP target info broadcast (1) on [225.0.0.222:54997].

Input System module state changed to: Initialized.
[Physics::Module] Initialized fallback backend.
[Physics::Module] Id: 0xdecafbad
Initialize engine version: 6000.1.8f1 (2a5b1522e5ab)
[Subsystems] Discovering subsystems at path /home/adriano/Desktop/maze-solver-rl/Build/OnlyWaypoints/mazes_Data/UnitySubsystems
Forcing GfxDevice: Null
GfxDevice: creating device client; kGfxThreadingModeNonThreaded
NullGfxDevice:
    Version:  NULL 1.0 [1.0]
    Renderer: Null Device
    Vendor:   Unity Technologies
Begin MonoManager ReloadAssembly
Symbol file LoadedFromMemory is not a mono symbol file
- Loaded All Assemblies, in  0.216 seconds
- Finished resetting the current domain, in  0.004 seconds
[Physics::Module] Selected backend.
[Physics::Module] Name: PhysX
[Physics::Module] Id: 0xf2b8ea05
[Physics::Module] SDK Version: 4.1.2
[Physics::Module] Integration Version: 1.0.0
[Physics::Module] Threading Mode: Multi-Threaded
ERROR: Shader Hidden/Universal Render Pipeline/LutBuilderLdr shader is not supported on this GPU (none of subshaders/fallbacks are suitable)
ERROR: Shader Hidden/Universal Render Pipeline/CameraMotionBlur shader is not supported on this GPU (none of subshaders/fallbacks are suitable)
WARNING: Shader Unsupported: 'Hidden/Universal Render Pipeline/FallbackError' - All subshaders removed
WARNING: Shader Did you use #pragma only_renderers and omit this platform?
WARNING: Shader If subshaders removal was intentional, you may have forgotten turning Fallback off?
ERROR: Shader Hidden/Universal Render Pipeline/FallbackError shader is not supported on this GPU (none of subshaders/fallbacks are suitable)
WARNING: Shader Unsupported: 'Hidden/Universal Render Pipeline/FallbackError' - All subshaders removed
WARNING: Shader Did you use #pragma only_renderers and omit this platform?
WARNING: Shader If subshaders removal was intentional, you may have forgotten turning Fallback off?
WARNING: Shader Unsupported: 'Hidden/Universal Render Pipeline/ClusterDeferred' - All subshaders removed
WARNING: Shader Did you use #pragma only_renderers and omit this platform?
WARNING: Shader If subshaders removal was intentional, you may have forgotten turning Fallback off?
WARNING: Shader Unsupported: 'Hidden/Universal Render Pipeline/ClusterDeferred' - All subshaders removed
WARNING: Shader Did you use #pragma only_renderers and omit this platform?
WARNING: Shader If subshaders removal was intentional, you may have forgotten turning Fallback off?
ERROR: Shader Hidden/TerrainEngine/Details/UniversalPipeline/BillboardWavingDoublePass shader is not supported on this GPU (none of subshaders/fallbacks are suitable)
ERROR: Shader Hidden/Universal Render Pipeline/TemporalAA shader is not supported on this GPU (none of subshaders/fallbacks are suitable)
ERROR: Shader Hidden/Universal Render Pipeline/Scaling Setup shader is not supported on this GPU (none of subshaders/fallbacks are suitable)
ERROR: Shader Hidden/CoreSRP/CoreCopy shader is not supported on this GPU (none of subshaders/fallbacks are suitable)
WARNING: Shader Unsupported: 'Hidden/Universal Render Pipeline/StencilDeferred' - All subshaders removed
WARNING: Shader Did you use #pragma only_renderers and omit this platform?
WARNING: Shader If subshaders removal was intentional, you may have forgotten turning Fallback off?
WARNING: Shader Unsupported: 'Hidden/Universal Render Pipeline/StencilDeferred' - All subshaders removed
WARNING: Shader Did you use #pragma only_renderers and omit this platform?
WARNING: Shader If subshaders removal was intentional, you may have forgotten turning Fallback off?
ERROR: Shader Hidden/TerrainEngine/Details/UniversalPipeline/Vertexlit shader is not supported on this GPU (none of subshaders/fallbacks are suitable)
ERROR: Shader Hidden/Universal Render Pipeline/GaussianDepthOfField shader is not supported on this GPU (none of subshaders/fallbacks are suitable)
ERROR: Shader Hidden/Universal Render Pipeline/Debug/DebugReplacement shader is not supported on this GPU (none of subshaders/fallbacks are suitable)
ERROR: Shader Hidden/Universal Render Pipeline/StencilDitherMaskSeed shader is not supported on this GPU (none of subshaders/fallbacks are suitable)
ERROR: Shader Hidden/Universal Render Pipeline/LutBuilderHdr shader is not supported on this GPU (none of subshaders/fallbacks are suitable)
ERROR: Shader Hidden/Universal Render Pipeline/Sampling shader is not supported on this GPU (none of subshaders/fallbacks are suitable)
ERROR: Shader Hidden/Universal Render Pipeline/LensFlareDataDriven shader is not supported on this GPU (none of subshaders/fallbacks are suitable)
ERROR: Shader Hidden/Universal Render Pipeline/CameraMotionVectors shader is not supported on this GPU (none of subshaders/fallbacks are suitable)
ERROR: Shader Hidden/Universal Render Pipeline/UberPost shader is not supported on this GPU (none of subshaders/fallbacks are suitable)
ERROR: Shader Hidden/Universal Render Pipeline/Bloom shader is not supported on this GPU (none of subshaders/fallbacks are suitable)
ERROR: Shader Hidden/Universal Render Pipeline/BokehDepthOfField shader is not supported on this GPU (none of subshaders/fallbacks are suitable)
ERROR: Shader Hidden/Universal Render Pipeline/FinalPost shader is not supported on this GPU (none of subshaders/fallbacks are suitable)
ERROR: Shader Hidden/Universal Render Pipeline/CopyDepth shader is not supported on this GPU (none of subshaders/fallbacks are suitable)
ERROR: Shader Hidden/Universal Render Pipeline/SubpixelMorphologicalAntialiasing shader is not supported on this GPU (none of subshaders/fallbacks are suitable)
ERROR: Shader Hidden/Universal Render Pipeline/ScreenSpaceAmbientOcclusion shader is not supported on this GPU (none of subshaders/fallbacks are suitable)
ERROR: Shader Hidden/Universal Render Pipeline/Stop NaN shader is not supported on this GPU (none of subshaders/fallbacks are suitable)
ERROR: Shader Hidden/Universal/HDRDebugView shader is not supported on this GPU (none of subshaders/fallbacks are suitable)
ERROR: Shader Hidden/Universal Render Pipeline/LensFlareScreenSpace shader is not supported on this GPU (none of subshaders/fallbacks are suitable)
ERROR: Shader Hidden/TerrainEngine/Details/UniversalPipeline/WavingDoublePass shader is not supported on this GPU (none of subshaders/fallbacks are suitable)
ERROR: Shader Hidden/Universal Render Pipeline/PaniniProjection shader is not supported on this GPU (none of subshaders/fallbacks are suitable)
ERROR: Shader Sprites/Default shader is not supported on this GPU (none of subshaders/fallbacks are suitable)
ERROR: Shader Sprites/Mask shader is not supported on this GPU (none of subshaders/fallbacks are suitable)
WARNING: Shader Unsupported: 'Universal Render Pipeline/Lit' - All subshaders removed
WARNING: Shader Did you use #pragma only_renderers and omit this platform?
WARNING: Shader If subshaders removal was intentional, you may have forgotten turning Fallback off?
ERROR: Shader Universal Render Pipeline/Lit shader is not supported on this GPU (none of subshaders/fallbacks are suitable)
WARNING: Shader Unsupported: 'Universal Render Pipeline/Lit' - All subshaders removed
WARNING: Shader Did you use #pragma only_renderers and omit this platform?
WARNING: Shader If subshaders removal was intentional, you may have forgotten turning Fallback off?
UnloadTime: 0.518021 ms
Registered Communicator in Agent.
UnityEngine.Debug:ExtractStackTraceNoAlloc (byte*,int,string)
UnityEngine.StackTraceUtility:ExtractStackTrace () (at /home/bokken/build/output/unity/unity/Runtime/Export/Scripting/StackTrace.cs:37)
UnityEngine.DebugLogHandler:Internal_Log (UnityEngine.LogType,UnityEngine.LogOption,string,UnityEngine.Object)
UnityEngine.DebugLogHandler:LogFormat (UnityEngine.LogType,UnityEngine.Object,string,object[])
UnityEngine.Logger:Log (UnityEngine.LogType,object)
UnityEngine.Debug:Log (object)
Unity.MLAgents.Agent:Awake () (at ./Library/PackageCache/com.unity.ml-agents@2b4ded88494d/Runtime/Agent.cs:383)
UnityEngine.Object:Internal_InstantiateSingleWithParent (UnityEngine.Object,UnityEngine.Transform,UnityEngine.Vector3,UnityEngine.Quaternion)
UnityEngine.Object:Instantiate (UnityEngine.Object,UnityEngine.Vector3,UnityEngine.Quaternion,UnityEngine.Transform) (at /home/bokken/build/output/unity/unity/Runtime/Export/Scripting/UnityEngineObject.bindings.cs:367)
UnityEngine.Object:Instantiate<UnityEngine.GameObject> (UnityEngine.GameObject,UnityEngine.Vector3,UnityEngine.Quaternion,UnityEngine.Transform) (at /home/bokken/build/output/unity/unity/Runtime/Export/Scripting/UnityEngineObject.bindings.cs:464)
MazeSpawner:SpawnPlatformAgent (UnityEngine.Transform,MazeController,UnityEngine.Vector2Int) (at /home/adriano/Desktop/maze-solver-rl/Assets/Scripts/MazeSpawner.cs:30)
MazeController:Spawn (UnityEngine.Vector2Int) (at /home/adriano/Desktop/maze-solver-rl/Assets/Scripts/MazeController.cs:94)
MazeController:GenerateAndSpawnNewMaze () (at /home/adriano/Desktop/maze-solver-rl/Assets/Scripts/MazeController.cs:190)
MazeController:Start () (at /home/adriano/Desktop/maze-solver-rl/Assets/Scripts/MazeController.cs:217)

(Filename: ./Library/PackageCache/com.unity.ml-agents@2b4ded88494d/Runtime/Agent.cs Line: 383)

requesting resize 84 x 84
Waypoint 1 reached! New target is waypoint 2.
UnityEngine.Debug:ExtractStackTraceNoAlloc (byte*,int,string)
UnityEngine.StackTraceUtility:ExtractStackTrace () (at /home/bokken/build/output/unity/unity/Runtime/Export/Scripting/StackTrace.cs:37)
UnityEngine.DebugLogHandler:Internal_Log (UnityEngine.LogType,UnityEngine.LogOption,string,UnityEngine.Object)
UnityEngine.DebugLogHandler:LogFormat (UnityEngine.LogType,UnityEngine.Object,string,object[])
UnityEngine.Logger:Log (UnityEngine.LogType,object)
UnityEngine.Debug:Log (object)
HierarchicalStrategy:ProcessActions () (at /home/adriano/Desktop/maze-solver-rl/Assets/Scripts/Strategies/HierarchicalStrategy.cs:155)
StrategicPlatformAgent:OnActionReceived (Unity.MLAgents.Actuators.ActionBuffers) (at /home/adriano/Desktop/maze-solver-rl/Assets/Scripts/Agents/StrategicPlatformAgent.cs:52)
Unity.MLAgents.Actuators.VectorActuator:OnActionReceived (Unity.MLAgents.Actuators.ActionBuffers) (at ./Library/PackageCache/com.unity.ml-agents@2b4ded88494d/Runtime/Actuators/VectorActuator.cs:76)
Unity.MLAgents.Actuators.ActuatorManager:ExecuteActions () (at ./Library/PackageCache/com.unity.ml-agents@2b4ded88494d/Runtime/Actuators/ActuatorManager.cs:295)
Unity.MLAgents.Agent:AgentStep () (at ./Library/PackageCache/com.unity.ml-agents@2b4ded88494d/Runtime/Agent.cs:1395)
Unity.MLAgents.Academy:EnvironmentStep () (at ./Library/PackageCache/com.unity.ml-agents@2b4ded88494d/Runtime/Academy.cs:601)
Unity.MLAgents.AcademyFixedUpdateStepper:FixedUpdate () (at ./Library/PackageCache/com.unity.ml-agents@2b4ded88494d/Runtime/Academy.cs:43)

(Filename: /home/adriano/Desktop/maze-solver-rl/Assets/Scripts/Strategies/HierarchicalStrategy.cs Line: 155)

Waypoint 2 reached! New target is waypoint 3.
UnityEngine.Debug:ExtractStackTraceNoAlloc (byte*,int,string)
UnityEngine.StackTraceUtility:ExtractStackTrace () (at /home/bokken/build/output/unity/unity/Runtime/Export/Scripting/StackTrace.cs:37)
UnityEngine.DebugLogHandler:Internal_Log (UnityEngine.LogType,UnityEngine.LogOption,string,UnityEngine.Object)
UnityEngine.DebugLogHandler:LogFormat (UnityEngine.LogType,UnityEngine.Object,string,object[])
UnityEngine.Logger:Log (UnityEngine.LogType,object)
UnityEngine.Debug:Log (object)
HierarchicalStrategy:ProcessActions () (at /home/adriano/Desktop/maze-solver-rl/Assets/Scripts/Strategies/HierarchicalStrategy.cs:155)
StrategicPlatformAgent:OnActionReceived (Unity.MLAgents.Actuators.ActionBuffers) (at /home/adriano/Desktop/maze-solver-rl/Assets/Scripts/Agents/StrategicPlatformAgent.cs:52)
Unity.MLAgents.Actuators.VectorActuator:OnActionReceived (Unity.MLAgents.Actuators.ActionBuffers) (at ./Library/PackageCache/com.unity.ml-agents@2b4ded88494d/Runtime/Actuators/VectorActuator.cs:76)
Unity.MLAgents.Actuators.ActuatorManager:ExecuteActions () (at ./Library/PackageCache/com.unity.ml-agents@2b4ded88494d/Runtime/Actuators/ActuatorManager.cs:295)
Unity.MLAgents.Agent:AgentStep () (at ./Library/PackageCache/com.unity.ml-agents@2b4ded88494d/Runtime/Agent.cs:1395)
Unity.MLAgents.Academy:EnvironmentStep () (at ./Library/PackageCache/com.unity.ml-agents@2b4ded88494d/Runtime/Academy.cs:601)
Unity.MLAgents.AcademyFixedUpdateStepper:FixedUpdate () (at ./Library/PackageCache/com.unity.ml-agents@2b4ded88494d/Runtime/Academy.cs:43)

(Filename: /home/adriano/Desktop/maze-solver-rl/Assets/Scripts/Strategies/HierarchicalStrategy.cs Line: 155)

Waypoint 3 reached! New target is waypoint 4.
UnityEngine.Debug:ExtractStackTraceNoAlloc (byte*,int,string)
UnityEngine.StackTraceUtility:ExtractStackTrace () (at /home/bokken/build/output/unity/unity/Runtime/Export/Scripting/StackTrace.cs:37)
UnityEngine.DebugLogHandler:Internal_Log (UnityEngine.LogType,UnityEngine.LogOption,string,UnityEngine.Object)
UnityEngine.DebugLogHandler:LogFormat (UnityEngine.LogType,UnityEngine.Object,string,object[])
UnityEngine.Logger:Log (UnityEngine.LogType,object)
UnityEngine.Debug:Log (object)
HierarchicalStrategy:ProcessActions () (at /home/adriano/Desktop/maze-solver-rl/Assets/Scripts/Strategies/HierarchicalStrategy.cs:155)
StrategicPlatformAgent:OnActionReceived (Unity.MLAgents.Actuators.ActionBuffers) (at /home/adriano/Desktop/maze-solver-rl/Assets/Scripts/Agents/StrategicPlatformAgent.cs:52)
Unity.MLAgents.Actuators.VectorActuator:OnActionReceived (Unity.MLAgents.Actuators.ActionBuffers) (at ./Library/PackageCache/com.unity.ml-agents@2b4ded88494d/Runtime/Actuators/VectorActuator.cs:76)
Unity.MLAgents.Actuators.ActuatorManager:ExecuteActions () (at ./Library/PackageCache/com.unity.ml-agents@2b4ded88494d/Runtime/Actuators/ActuatorManager.cs:295)
Unity.MLAgents.Agent:AgentStep () (at ./Library/PackageCache/com.unity.ml-agents@2b4ded88494d/Runtime/Agent.cs:1395)
Unity.MLAgents.Academy:EnvironmentStep () (at ./Library/PackageCache/com.unity.ml-agents@2b4ded88494d/Runtime/Academy.cs:601)
Unity.MLAgents.AcademyFixedUpdateStepper:FixedUpdate () (at ./Library/PackageCache/com.unity.ml-agents@2b4ded88494d/Runtime/Academy.cs:43)

(Filename: /home/adriano/Desktop/maze-solver-rl/Assets/Scripts/Strategies/HierarchicalStrategy.cs Line: 155)

Waypoint 4 reached! New target is waypoint 5.
UnityEngine.Debug:ExtractStackTraceNoAlloc (byte*,int,string)
UnityEngine.StackTraceUtility:ExtractStackTrace () (at /home/bokken/build/output/unity/unity/Runtime/Export/Scripting/StackTrace.cs:37)
UnityEngine.DebugLogHandler:Internal_Log (UnityEngine.LogType,UnityEngine.LogOption,string,UnityEngine.Object)
UnityEngine.DebugLogHandler:LogFormat (UnityEngine.LogType,UnityEngine.Object,string,object[])
UnityEngine.Logger:Log (UnityEngine.LogType,object)
UnityEngine.Debug:Log (object)
HierarchicalStrategy:ProcessActions () (at /home/adriano/Desktop/maze-solver-rl/Assets/Scripts/Strategies/HierarchicalStrategy.cs:155)
StrategicPlatformAgent:OnActionReceived (Unity.MLAgents.Actuators.ActionBuffers) (at /home/adriano/Desktop/maze-solver-rl/Assets/Scripts/Agents/StrategicPlatformAgent.cs:52)
Unity.MLAgents.Actuators.VectorActuator:OnActionReceived (Unity.MLAgents.Actuators.ActionBuffers) (at ./Library/PackageCache/com.unity.ml-agents@2b4ded88494d/Runtime/Actuators/VectorActuator.cs:76)
Unity.MLAgents.Actuators.ActuatorManager:ExecuteActions () (at ./Library/PackageCache/com.unity.ml-agents@2b4ded88494d/Runtime/Actuators/ActuatorManager.cs:295)
Unity.MLAgents.Agent:AgentStep () (at ./Library/PackageCache/com.unity.ml-agents@2b4ded88494d/Runtime/Agent.cs:1395)
Unity.MLAgents.Academy:EnvironmentStep () (at ./Library/PackageCache/com.unity.ml-agents@2b4ded88494d/Runtime/Academy.cs:601)
Unity.MLAgents.AcademyFixedUpdateStepper:FixedUpdate () (at ./Library/PackageCache/com.unity.ml-agents@2b4ded88494d/Runtime/Academy.cs:43)

(Filename: /home/adriano/Desktop/maze-solver-rl/Assets/Scripts/Strategies/HierarchicalStrategy.cs Line: 155)

Waypoint 5 reached! New target is waypoint 6.
UnityEngine.Debug:ExtractStackTraceNoAlloc (byte*,int,string)
UnityEngine.StackTraceUtility:ExtractStackTrace () (at /home/bokken/build/output/unity/unity/Runtime/Export/Scripting/StackTrace.cs:37)
UnityEngine.DebugLogHandler:Internal_Log (UnityEngine.LogType,UnityEngine.LogOption,string,UnityEngine.Object)
UnityEngine.DebugLogHandler:LogFormat (UnityEngine.LogType,UnityEngine.Object,string,object[])
UnityEngine.Logger:Log (UnityEngine.LogType,object)
UnityEngine.Debug:Log (object)
HierarchicalStrategy:ProcessActions () (at /home/adriano/Desktop/maze-solver-rl/Assets/Scripts/Strategies/HierarchicalStrategy.cs:155)
StrategicPlatformAgent:OnActionReceived (Unity.MLAgents.Actuators.ActionBuffers) (at /home/adriano/Desktop/maze-solver-rl/Assets/Scripts/Agents/StrategicPlatformAgent.cs:52)
Unity.MLAgents.Actuators.VectorActuator:OnActionReceived (Unity.MLAgents.Actuators.ActionBuffers) (at ./Library/PackageCache/com.unity.ml-agents@2b4ded88494d/Runtime/Actuators/VectorActuator.cs:76)
Unity.MLAgents.Actuators.ActuatorManager:ExecuteActions () (at ./Library/PackageCache/com.unity.ml-agents@2b4ded88494d/Runtime/Actuators/ActuatorManager.cs:295)
Unity.MLAgents.Agent:AgentStep () (at ./Library/PackageCache/com.unity.ml-agents@2b4ded88494d/Runtime/Agent.cs:1395)
Unity.MLAgents.Academy:EnvironmentStep () (at ./Library/PackageCache/com.unity.ml-agents@2b4ded88494d/Runtime/Academy.cs:601)
Unity.MLAgents.AcademyFixedUpdateStepper:FixedUpdate () (at ./Library/PackageCache/com.unity.ml-agents@2b4ded88494d/Runtime/Academy.cs:43)

(Filename: /home/adriano/Desktop/maze-solver-rl/Assets/Scripts/Strategies/HierarchicalStrategy.cs Line: 155)

Waypoint 6 reached! New target is waypoint 7.
UnityEngine.Debug:ExtractStackTraceNoAlloc (byte*,int,string)
UnityEngine.StackTraceUtility:ExtractStackTrace () (at /home/bokken/build/output/unity/unity/Runtime/Export/Scripting/StackTrace.cs:37)
UnityEngine.DebugLogHandler:Internal_Log (UnityEngine.LogType,UnityEngine.LogOption,string,UnityEngine.Object)
UnityEngine.DebugLogHandler:LogFormat (UnityEngine.LogType,UnityEngine.Object,string,object[])
UnityEngine.Logger:Log (UnityEngine.LogType,object)
UnityEngine.Debug:Log (object)
HierarchicalStrategy:ProcessActions () (at /home/adriano/Desktop/maze-solver-rl/Assets/Scripts/Strategies/HierarchicalStrategy.cs:155)
StrategicPlatformAgent:OnActionReceived (Unity.MLAgents.Actuators.ActionBuffers) (at /home/adriano/Desktop/maze-solver-rl/Assets/Scripts/Agents/StrategicPlatformAgent.cs:52)
Unity.MLAgents.Actuators.VectorActuator:OnActionReceived (Unity.MLAgents.Actuators.ActionBuffers) (at ./Library/PackageCache/com.unity.ml-agents@2b4ded88494d/Runtime/Actuators/VectorActuator.cs:76)
Unity.MLAgents.Actuators.ActuatorManager:ExecuteActions () (at ./Library/PackageCache/com.unity.ml-agents@2b4ded88494d/Runtime/Actuators/ActuatorManager.cs:295)
Unity.MLAgents.Agent:AgentStep () (at ./Library/PackageCache/com.unity.ml-agents@2b4ded88494d/Runtime/Agent.cs:1395)
Unity.MLAgents.Academy:EnvironmentStep () (at ./Library/PackageCache/com.unity.ml-agents@2b4ded88494d/Runtime/Academy.cs:601)
Unity.MLAgents.AcademyFixedUpdateStepper:FixedUpdate () (at ./Library/PackageCache/com.unity.ml-agents@2b4ded88494d/Runtime/Academy.cs:43)

(Filename: /home/adriano/Desktop/maze-solver-rl/Assets/Scripts/Strategies/HierarchicalStrategy.cs Line: 155)

Waypoint 7 reached! New target is waypoint 8.
UnityEngine.Debug:ExtractStackTraceNoAlloc (byte*,int,string)
UnityEngine.StackTraceUtility:ExtractStackTrace () (at /home/bokken/build/output/unity/unity/Runtime/Export/Scripting/StackTrace.cs:37)
UnityEngine.DebugLogHandler:Internal_Log (UnityEngine.LogType,UnityEngine.LogOption,string,UnityEngine.Object)
UnityEngine.DebugLogHandler:LogFormat (UnityEngine.LogType,UnityEngine.Object,string,object[])
UnityEngine.Logger:Log (UnityEngine.LogType,object)
UnityEngine.Debug:Log (object)
HierarchicalStrategy:ProcessActions () (at /home/adriano/Desktop/maze-solver-rl/Assets/Scripts/Strategies/HierarchicalStrategy.cs:155)
StrategicPlatformAgent:OnActionReceived (Unity.MLAgents.Actuators.ActionBuffers) (at /home/adriano/Desktop/maze-solver-rl/Assets/Scripts/Agents/StrategicPlatformAgent.cs:52)
Unity.MLAgents.Actuators.VectorActuator:OnActionReceived (Unity.MLAgents.Actuators.ActionBuffers) (at ./Library/PackageCache/com.unity.ml-agents@2b4ded88494d/Runtime/Actuators/VectorActuator.cs:76)
Unity.MLAgents.Actuators.ActuatorManager:ExecuteActions () (at ./Library/PackageCache/com.unity.ml-agents@2b4ded88494d/Runtime/Actuators/ActuatorManager.cs:295)
Unity.MLAgents.Agent:AgentStep () (at ./Library/PackageCache/com.unity.ml-agents@2b4ded88494d/Runtime/Agent.cs:1395)
Unity.MLAgents.Academy:EnvironmentStep () (at ./Library/PackageCache/com.unity.ml-agents@2b4ded88494d/Runtime/Academy.cs:601)
Unity.MLAgents.AcademyFixedUpdateStepper:FixedUpdate () (at ./Library/PackageCache/com.unity.ml-agents@2b4ded88494d/Runtime/Academy.cs:43)

(Filename: /home/adriano/Desktop/maze-solver-rl/Assets/Scripts/Strategies/HierarchicalStrategy.cs Line: 155)

Waypoint 8 reached! New target is waypoint 9.
UnityEngine.Debug:ExtractStackTraceNoAlloc (byte*,int,string)
UnityEngine.StackTraceUtility:ExtractStackTrace () (at /home/bokken/build/output/unity/unity/Runtime/Export/Scripting/StackTrace.cs:37)
UnityEngine.DebugLogHandler:Internal_Log (UnityEngine.LogType,UnityEngine.LogOption,string,UnityEngine.Object)
UnityEngine.DebugLogHandler:LogFormat (UnityEngine.LogType,UnityEngine.Object,string,object[])
UnityEngine.Logger:Log (UnityEngine.LogType,object)
UnityEngine.Debug:Log (object)
HierarchicalStrategy:ProcessActions () (at /home/adriano/Desktop/maze-solver-rl/Assets/Scripts/Strategies/HierarchicalStrategy.cs:155)
StrategicPlatformAgent:OnActionReceived (Unity.MLAgents.Actuators.ActionBuffers) (at /home/adriano/Desktop/maze-solver-rl/Assets/Scripts/Agents/StrategicPlatformAgent.cs:52)
Unity.MLAgents.Actuators.VectorActuator:OnActionReceived (Unity.MLAgents.Actuators.ActionBuffers) (at ./Library/PackageCache/com.unity.ml-agents@2b4ded88494d/Runtime/Actuators/VectorActuator.cs:76)
Unity.MLAgents.Actuators.ActuatorManager:ExecuteActions () (at ./Library/PackageCache/com.unity.ml-agents@2b4ded88494d/Runtime/Actuators/ActuatorManager.cs:295)
Unity.MLAgents.Agent:AgentStep () (at ./Library/PackageCache/com.unity.ml-agents@2b4ded88494d/Runtime/Agent.cs:1395)
Unity.MLAgents.Academy:EnvironmentStep () (at ./Library/PackageCache/com.unity.ml-agents@2b4ded88494d/Runtime/Academy.cs:601)
Unity.MLAgents.AcademyFixedUpdateStepper:FixedUpdate () (at ./Library/PackageCache/com.unity.ml-agents@2b4ded88494d/Runtime/Academy.cs:43)

(Filename: /home/adriano/Desktop/maze-solver-rl/Assets/Scripts/Strategies/HierarchicalStrategy.cs Line: 155)

Waypoint 9 reached! New target is waypoint 10.
UnityEngine.Debug:ExtractStackTraceNoAlloc (byte*,int,string)
UnityEngine.StackTraceUtility:ExtractStackTrace () (at /home/bokken/build/output/unity/unity/Runtime/Export/Scripting/StackTrace.cs:37)
UnityEngine.DebugLogHandler:Internal_Log (UnityEngine.LogType,UnityEngine.LogOption,string,UnityEngine.Object)
UnityEngine.DebugLogHandler:LogFormat (UnityEngine.LogType,UnityEngine.Object,string,object[])
UnityEngine.Logger:Log (UnityEngine.LogType,object)
UnityEngine.Debug:Log (object)
HierarchicalStrategy:ProcessActions () (at /home/adriano/Desktop/maze-solver-rl/Assets/Scripts/Strategies/HierarchicalStrategy.cs:155)
StrategicPlatformAgent:OnActionReceived (Unity.MLAgents.Actuators.ActionBuffers) (at /home/adriano/Desktop/maze-solver-rl/Assets/Scripts/Agents/StrategicPlatformAgent.cs:52)
Unity.MLAgents.Actuators.VectorActuator:OnActionReceived (Unity.MLAgents.Actuators.ActionBuffers) (at ./Library/PackageCache/com.unity.ml-agents@2b4ded88494d/Runtime/Actuators/VectorActuator.cs:76)
Unity.MLAgents.Actuators.ActuatorManager:ExecuteActions () (at ./Library/PackageCache/com.unity.ml-agents@2b4ded88494d/Runtime/Actuators/ActuatorManager.cs:295)
Unity.MLAgents.Agent:AgentStep () (at ./Library/PackageCache/com.unity.ml-agents@2b4ded88494d/Runtime/Agent.cs:1395)
Unity.MLAgents.Academy:EnvironmentStep () (at ./Library/PackageCache/com.unity.ml-agents@2b4ded88494d/Runtime/Academy.cs:601)
Unity.MLAgents.AcademyFixedUpdateStepper:FixedUpdate () (at ./Library/PackageCache/com.unity.ml-agents@2b4ded88494d/Runtime/Academy.cs:43)

(Filename: /home/adriano/Desktop/maze-solver-rl/Assets/Scripts/Strategies/HierarchicalStrategy.cs Line: 155)

Success! Final goal reached.
UnityEngine.Debug:ExtractStackTraceNoAlloc (byte*,int,string)
UnityEngine.StackTraceUtility:ExtractStackTrace () (at /home/bokken/build/output/unity/unity/Runtime/Export/Scripting/StackTrace.cs:37)
UnityEngine.DebugLogHandler:Internal_Log (UnityEngine.LogType,UnityEngine.LogOption,string,UnityEngine.Object)
UnityEngine.DebugLogHandler:LogFormat (UnityEngine.LogType,UnityEngine.Object,string,object[])
UnityEngine.Logger:Log (UnityEngine.LogType,object)
UnityEngine.Debug:Log (object)
HierarchicalStrategy:ProcessActions () (at /home/adriano/Desktop/maze-solver-rl/Assets/Scripts/Strategies/HierarchicalStrategy.cs:144)
StrategicPlatformAgent:OnActionReceived (Unity.MLAgents.Actuators.ActionBuffers) (at /home/adriano/Desktop/maze-solver-rl/Assets/Scripts/Agents/StrategicPlatformAgent.cs:52)
Unity.MLAgents.Actuators.VectorActuator:OnActionReceived (Unity.MLAgents.Actuators.ActionBuffers) (at ./Library/PackageCache/com.unity.ml-agents@2b4ded88494d/Runtime/Actuators/VectorActuator.cs:76)
Unity.MLAgents.Actuators.ActuatorManager:ExecuteActions () (at ./Library/PackageCache/com.unity.ml-agents@2b4ded88494d/Runtime/Actuators/ActuatorManager.cs:295)
Unity.MLAgents.Agent:AgentStep () (at ./Library/PackageCache/com.unity.ml-agents@2b4ded88494d/Runtime/Agent.cs:1395)
Unity.MLAgents.Academy:EnvironmentStep () (at ./Library/PackageCache/com.unity.ml-agents@2b4ded88494d/Runtime/Academy.cs:601)
Unity.MLAgents.AcademyFixedUpdateStepper:FixedUpdate () (at ./Library/PackageCache/com.unity.ml-agents@2b4ded88494d/Runtime/Academy.cs:43)

(Filename: /home/adriano/Desktop/maze-solver-rl/Assets/Scripts/Strategies/HierarchicalStrategy.cs Line: 144)

Waypoint 1 reached! New target is waypoint 2.
UnityEngine.Debug:ExtractStackTraceNoAlloc (byte*,int,string)
UnityEngine.StackTraceUtility:ExtractStackTrace () (at /home/bokken/build/output/unity/unity/Runtime/Export/Scripting/StackTrace.cs:37)
UnityEngine.DebugLogHandler:Internal_Log (UnityEngine.LogType,UnityEngine.LogOption,string,UnityEngine.Object)
UnityEngine.DebugLogHandler:LogFormat (UnityEngine.LogType,UnityEngine.Object,string,object[])
UnityEngine.Logger:Log (UnityEngine.LogType,object)
UnityEngine.Debug:Log (object)
HierarchicalStrategy:ProcessActions () (at /home/adriano/Desktop/maze-solver-rl/Assets/Scripts/Strategies/HierarchicalStrategy.cs:155)
StrategicPlatformAgent:OnActionReceived (Unity.MLAgents.Actuators.ActionBuffers) (at /home/adriano/Desktop/maze-solver-rl/Assets/Scripts/Agents/StrategicPlatformAgent.cs:52)
Unity.MLAgents.Actuators.VectorActuator:OnActionReceived (Unity.MLAgents.Actuators.ActionBuffers) (at ./Library/PackageCache/com.unity.ml-agents@2b4ded88494d/Runtime/Actuators/VectorActuator.cs:76)
Unity.MLAgents.Actuators.ActuatorManager:ExecuteActions () (at ./Library/PackageCache/com.unity.ml-agents@2b4ded88494d/Runtime/Actuators/ActuatorManager.cs:295)
Unity.MLAgents.Agent:AgentStep () (at ./Library/PackageCache/com.unity.ml-agents@2b4ded88494d/Runtime/Agent.cs:1395)
Unity.MLAgents.Academy:EnvironmentStep () (at ./Library/PackageCache/com.unity.ml-agents@2b4ded88494d/Runtime/Academy.cs:601)
Unity.MLAgents.AcademyFixedUpdateStepper:FixedUpdate () (at ./Library/PackageCache/com.unity.ml-agents@2b4ded88494d/Runtime/Academy.cs:43)

(Filename: /home/adriano/Desktop/maze-solver-rl/Assets/Scripts/Strategies/HierarchicalStrategy.cs Line: 155)

Waypoint 2 reached! New target is waypoint 3.
UnityEngine.Debug:ExtractStackTraceNoAlloc (byte*,int,string)
UnityEngine.StackTraceUtility:ExtractStackTrace () (at /home/bokken/build/output/unity/unity/Runtime/Export/Scripting/StackTrace.cs:37)
UnityEngine.DebugLogHandler:Internal_Log (UnityEngine.LogType,UnityEngine.LogOption,string,UnityEngine.Object)
UnityEngine.DebugLogHandler:LogFormat (UnityEngine.LogType,UnityEngine.Object,string,object[])
UnityEngine.Logger:Log (UnityEngine.LogType,object)
UnityEngine.Debug:Log (object)
HierarchicalStrategy:ProcessActions () (at /home/adriano/Desktop/maze-solver-rl/Assets/Scripts/Strategies/HierarchicalStrategy.cs:155)
StrategicPlatformAgent:OnActionReceived (Unity.MLAgents.Actuators.ActionBuffers) (at /home/adriano/Desktop/maze-solver-rl/Assets/Scripts/Agents/StrategicPlatformAgent.cs:52)
Unity.MLAgents.Actuators.VectorActuator:OnActionReceived (Unity.MLAgents.Actuators.ActionBuffers) (at ./Library/PackageCache/com.unity.ml-agents@2b4ded88494d/Runtime/Actuators/VectorActuator.cs:76)
Unity.MLAgents.Actuators.ActuatorManager:ExecuteActions () (at ./Library/PackageCache/com.unity.ml-agents@2b4ded88494d/Runtime/Actuators/ActuatorManager.cs:295)
Unity.MLAgents.Agent:AgentStep () (at ./Library/PackageCache/com.unity.ml-agents@2b4ded88494d/Runtime/Agent.cs:1395)
Unity.MLAgents.Academy:EnvironmentStep () (at ./Library/PackageCache/com.unity.ml-agents@2b4ded88494d/Runtime/Academy.cs:601)
Unity.MLAgents.AcademyFixedUpdateStepper:FixedUpdate () (at ./Library/PackageCache/com.unity.ml-agents@2b4ded88494d/Runtime/Academy.cs:43)

(Filename: /home/adriano/Desktop/maze-solver-rl/Assets/Scripts/Strategies/HierarchicalStrategy.cs Line: 155)

Waypoint 3 reached! New target is waypoint 4.
UnityEngine.Debug:ExtractStackTraceNoAlloc (byte*,int,string)
UnityEngine.StackTraceUtility:ExtractStackTrace () (at /home/bokken/build/output/unity/unity/Runtime/Export/Scripting/StackTrace.cs:37)
UnityEngine.DebugLogHandler:Internal_Log (UnityEngine.LogType,UnityEngine.LogOption,string,UnityEngine.Object)
UnityEngine.DebugLogHandler:LogFormat (UnityEngine.LogType,UnityEngine.Object,string,object[])
UnityEngine.Logger:Log (UnityEngine.LogType,object)
UnityEngine.Debug:Log (object)
HierarchicalStrategy:ProcessActions () (at /home/adriano/Desktop/maze-solver-rl/Assets/Scripts/Strategies/HierarchicalStrategy.cs:155)
StrategicPlatformAgent:OnActionReceived (Unity.MLAgents.Actuators.ActionBuffers) (at /home/adriano/Desktop/maze-solver-rl/Assets/Scripts/Agents/StrategicPlatformAgent.cs:52)
Unity.MLAgents.Actuators.VectorActuator:OnActionReceived (Unity.MLAgents.Actuators.ActionBuffers) (at ./Library/PackageCache/com.unity.ml-agents@2b4ded88494d/Runtime/Actuators/VectorActuator.cs:76)
Unity.MLAgents.Actuators.ActuatorManager:ExecuteActions () (at ./Library/PackageCache/com.unity.ml-agents@2b4ded88494d/Runtime/Actuators/ActuatorManager.cs:295)
Unity.MLAgents.Agent:AgentStep () (at ./Library/PackageCache/com.unity.ml-agents@2b4ded88494d/Runtime/Agent.cs:1395)
Unity.MLAgents.Academy:EnvironmentStep () (at ./Library/PackageCache/com.unity.ml-agents@2b4ded88494d/Runtime/Academy.cs:601)
Unity.MLAgents.AcademyFixedUpdateStepper:FixedUpdate () (at ./Library/PackageCache/com.unity.ml-agents@2b4ded88494d/Runtime/Academy.cs:43)

(Filename: /home/adriano/Desktop/maze-solver-rl/Assets/Scripts/Strategies/HierarchicalStrategy.cs Line: 155)

Waypoint 4 reached! New target is waypoint 5.
UnityEngine.Debug:ExtractStackTraceNoAlloc (byte*,int,string)
UnityEngine.StackTraceUtility:ExtractStackTrace () (at /home/bokken/build/output/unity/unity/Runtime/Export/Scripting/StackTrace.cs:37)
UnityEngine.DebugLogHandler:Internal_Log (UnityEngine.LogType,UnityEngine.LogOption,string,UnityEngine.Object)
UnityEngine.DebugLogHandler:LogFormat (UnityEngine.LogType,UnityEngine.Object,string,object[])
UnityEngine.Logger:Log (UnityEngine.LogType,object)
UnityEngine.Debug:Log (object)
HierarchicalStrategy:ProcessActions () (at /home/adriano/Desktop/maze-solver-rl/Assets/Scripts/Strategies/HierarchicalStrategy.cs:155)
StrategicPlatformAgent:OnActionReceived (Unity.MLAgents.Actuators.ActionBuffers) (at /home/adriano/Desktop/maze-solver-rl/Assets/Scripts/Agents/StrategicPlatformAgent.cs:52)
Unity.MLAgents.Actuators.VectorActuator:OnActionReceived (Unity.MLAgents.Actuators.ActionBuffers) (at ./Library/PackageCache/com.unity.ml-agents@2b4ded88494d/Runtime/Actuators/VectorActuator.cs:76)
Unity.MLAgents.Actuators.ActuatorManager:ExecuteActions () (at ./Library/PackageCache/com.unity.ml-agents@2b4ded88494d/Runtime/Actuators/ActuatorManager.cs:295)
Unity.MLAgents.Agent:AgentStep () (at ./Library/PackageCache/com.unity.ml-agents@2b4ded88494d/Runtime/Agent.cs:1395)
Unity.MLAgents.Academy:EnvironmentStep () (at ./Library/PackageCache/com.unity.ml-agents@2b4ded88494d/Runtime/Academy.cs:601)
Unity.MLAgents.AcademyFixedUpdateStepper:FixedUpdate () (at ./Library/PackageCache/com.unity.ml-agents@2b4ded88494d/Runtime/Academy.cs:43)

(Filename: /home/adriano/Desktop/maze-solver-rl/Assets/Scripts/Strategies/HierarchicalStrategy.cs Line: 155)

Waypoint 5 reached! New target is waypoint 6.
UnityEngine.Debug:ExtractStackTraceNoAlloc (byte*,int,string)
UnityEngine.StackTraceUtility:ExtractStackTrace () (at /home/bokken/build/output/unity/unity/Runtime/Export/Scripting/StackTrace.cs:37)
UnityEngine.DebugLogHandler:Internal_Log (UnityEngine.LogType,UnityEngine.LogOption,string,UnityEngine.Object)
UnityEngine.DebugLogHandler:LogFormat (UnityEngine.LogType,UnityEngine.Object,string,object[])
UnityEngine.Logger:Log (UnityEngine.LogType,object)
UnityEngine.Debug:Log (object)
HierarchicalStrategy:ProcessActions () (at /home/adriano/Desktop/maze-solver-rl/Assets/Scripts/Strategies/HierarchicalStrategy.cs:155)
StrategicPlatformAgent:OnActionReceived (Unity.MLAgents.Actuators.ActionBuffers) (at /home/adriano/Desktop/maze-solver-rl/Assets/Scripts/Agents/StrategicPlatformAgent.cs:52)
Unity.MLAgents.Actuators.VectorActuator:OnActionReceived (Unity.MLAgents.Actuators.ActionBuffers) (at ./Library/PackageCache/com.unity.ml-agents@2b4ded88494d/Runtime/Actuators/VectorActuator.cs:76)
Unity.MLAgents.Actuators.ActuatorManager:ExecuteActions () (at ./Library/PackageCache/com.unity.ml-agents@2b4ded88494d/Runtime/Actuators/ActuatorManager.cs:295)
Unity.MLAgents.Agent:AgentStep () (at ./Library/PackageCache/com.unity.ml-agents@2b4ded88494d/Runtime/Agent.cs:1395)
Unity.MLAgents.Academy:EnvironmentStep () (at ./Library/PackageCache/com.unity.ml-agents@2b4ded88494d/Runtime/Academy.cs:601)
Unity.MLAgents.AcademyFixedUpdateStepper:FixedUpdate () (at ./Library/PackageCache/com.unity.ml-agents@2b4ded88494d/Runtime/Academy.cs:43)

(Filename: /home/adriano/Desktop/maze-solver-rl/Assets/Scripts/Strategies/HierarchicalStrategy.cs Line: 155)

Waypoint 6 reached! New target is waypoint 7.
UnityEngine.Debug:ExtractStackTraceNoAlloc (byte*,int,string)
UnityEngine.StackTraceUtility:ExtractStackTrace () (at /home/bokken/build/output/unity/unity/Runtime/Export/Scripting/StackTrace.cs:37)
UnityEngine.DebugLogHandler:Internal_Log (UnityEngine.LogType,UnityEngine.LogOption,string,UnityEngine.Object)
UnityEngine.DebugLogHandler:LogFormat (UnityEngine.LogType,UnityEngine.Object,string,object[])
UnityEngine.Logger:Log (UnityEngine.LogType,object)
UnityEngine.Debug:Log (object)
HierarchicalStrategy:ProcessActions () (at /home/adriano/Desktop/maze-solver-rl/Assets/Scripts/Strategies/HierarchicalStrategy.cs:155)
StrategicPlatformAgent:OnActionReceived (Unity.MLAgents.Actuators.ActionBuffers) (at /home/adriano/Desktop/maze-solver-rl/Assets/Scripts/Agents/StrategicPlatformAgent.cs:52)
Unity.MLAgents.Actuators.VectorActuator:OnActionReceived (Unity.MLAgents.Actuators.ActionBuffers) (at ./Library/PackageCache/com.unity.ml-agents@2b4ded88494d/Runtime/Actuators/VectorActuator.cs:76)
Unity.MLAgents.Actuators.ActuatorManager:ExecuteActions () (at ./Library/PackageCache/com.unity.ml-agents@2b4ded88494d/Runtime/Actuators/ActuatorManager.cs:295)
Unity.MLAgents.Agent:AgentStep () (at ./Library/PackageCache/com.unity.ml-agents@2b4ded88494d/Runtime/Agent.cs:1395)
Unity.MLAgents.Academy:EnvironmentStep () (at ./Library/PackageCache/com.unity.ml-agents@2b4ded88494d/Runtime/Academy.cs:601)
Unity.MLAgents.AcademyFixedUpdateStepper:FixedUpdate () (at ./Library/PackageCache/com.unity.ml-agents@2b4ded88494d/Runtime/Academy.cs:43)

(Filename: /home/adriano/Desktop/maze-solver-rl/Assets/Scripts/Strategies/HierarchicalStrategy.cs Line: 155)

Waypoint 7 reached! New target is waypoint 8.
UnityEngine.Debug:ExtractStackTraceNoAlloc (byte*,int,string)
UnityEngine.StackTraceUtility:ExtractStackTrace () (at /home/bokken/build/output/unity/unity/Runtime/Export/Scripting/StackTrace.cs:37)
UnityEngine.DebugLogHandler:Internal_Log (UnityEngine.LogType,UnityEngine.LogOption,string,UnityEngine.Object)
UnityEngine.DebugLogHandler:LogFormat (UnityEngine.LogType,UnityEngine.Object,string,object[])
UnityEngine.Logger:Log (UnityEngine.LogType,object)
UnityEngine.Debug:Log (object)
HierarchicalStrategy:ProcessActions () (at /home/adriano/Desktop/maze-solver-rl/Assets/Scripts/Strategies/HierarchicalStrategy.cs:155)
StrategicPlatformAgent:OnActionReceived (Unity.MLAgents.Actuators.ActionBuffers) (at /home/adriano/Desktop/maze-solver-rl/Assets/Scripts/Agents/StrategicPlatformAgent.cs:52)
Unity.MLAgents.Actuators.VectorActuator:OnActionReceived (Unity.MLAgents.Actuators.ActionBuffers) (at ./Library/PackageCache/com.unity.ml-agents@2b4ded88494d/Runtime/Actuators/VectorActuator.cs:76)
Unity.MLAgents.Actuators.ActuatorManager:ExecuteActions () (at ./Library/PackageCache/com.unity.ml-agents@2b4ded88494d/Runtime/Actuators/ActuatorManager.cs:295)
Unity.MLAgents.Agent:AgentStep () (at ./Library/PackageCache/com.unity.ml-agents@2b4ded88494d/Runtime/Agent.cs:1395)
Unity.MLAgents.Academy:EnvironmentStep () (at ./Library/PackageCache/com.unity.ml-agents@2b4ded88494d/Runtime/Academy.cs:601)
Unity.MLAgents.AcademyFixedUpdateStepper:FixedUpdate () (at ./Library/PackageCache/com.unity.ml-agents@2b4ded88494d/Runtime/Academy.cs:43)

(Filename: /home/adriano/Desktop/maze-solver-rl/Assets/Scripts/Strategies/HierarchicalStrategy.cs Line: 155)

Waypoint 8 reached! New target is waypoint 9.
UnityEngine.Debug:ExtractStackTraceNoAlloc (byte*,int,string)
UnityEngine.StackTraceUtility:ExtractStackTrace () (at /home/bokken/build/output/unity/unity/Runtime/Export/Scripting/StackTrace.cs:37)
UnityEngine.DebugLogHandler:Internal_Log (UnityEngine.LogType,UnityEngine.LogOption,string,UnityEngine.Object)
UnityEngine.DebugLogHandler:LogFormat (UnityEngine.LogType,UnityEngine.Object,string,object[])
UnityEngine.Logger:Log (UnityEngine.LogType,object)
UnityEngine.Debug:Log (object)
HierarchicalStrategy:ProcessActions () (at /home/adriano/Desktop/maze-solver-rl/Assets/Scripts/Strategies/HierarchicalStrategy.cs:155)
StrategicPlatformAgent:OnActionReceived (Unity.MLAgents.Actuators.ActionBuffers) (at /home/adriano/Desktop/maze-solver-rl/Assets/Scripts/Agents/StrategicPlatformAgent.cs:52)
Unity.MLAgents.Actuators.VectorActuator:OnActionReceived (Unity.MLAgents.Actuators.ActionBuffers) (at ./Library/PackageCache/com.unity.ml-agents@2b4ded88494d/Runtime/Actuators/VectorActuator.cs:76)
Unity.MLAgents.Actuators.ActuatorManager:ExecuteActions () (at ./Library/PackageCache/com.unity.ml-agents@2b4ded88494d/Runtime/Actuators/ActuatorManager.cs:295)
Unity.MLAgents.Agent:AgentStep () (at ./Library/PackageCache/com.unity.ml-agents@2b4ded88494d/Runtime/Agent.cs:1395)
Unity.MLAgents.Academy:EnvironmentStep () (at ./Library/PackageCache/com.unity.ml-agents@2b4ded88494d/Runtime/Academy.cs:601)
Unity.MLAgents.AcademyFixedUpdateStepper:FixedUpdate () (at ./Library/PackageCache/com.unity.ml-agents@2b4ded88494d/Runtime/Academy.cs:43)

(Filename: /home/adriano/Desktop/maze-solver-rl/Assets/Scripts/Strategies/HierarchicalStrategy.cs Line: 155)

Waypoint 9 reached! New target is waypoint 10.
UnityEngine.Debug:ExtractStackTraceNoAlloc (byte*,int,string)
UnityEngine.StackTraceUtility:ExtractStackTrace () (at /home/bokken/build/output/unity/unity/Runtime/Export/Scripting/StackTrace.cs:37)
UnityEngine.DebugLogHandler:Internal_Log (UnityEngine.LogType,UnityEngine.LogOption,string,UnityEngine.Object)
UnityEngine.DebugLogHandler:LogFormat (UnityEngine.LogType,UnityEngine.Object,string,object[])
UnityEngine.Logger:Log (UnityEngine.LogType,object)
UnityEngine.Debug:Log (object)
HierarchicalStrategy:ProcessActions () (at /home/adriano/Desktop/maze-solver-rl/Assets/Scripts/Strategies/HierarchicalStrategy.cs:155)
StrategicPlatformAgent:OnActionReceived (Unity.MLAgents.Actuators.ActionBuffers) (at /home/adriano/Desktop/maze-solver-rl/Assets/Scripts/Agents/StrategicPlatformAgent.cs:52)
Unity.MLAgents.Actuators.VectorActuator:OnActionReceived (Unity.MLAgents.Actuators.ActionBuffers) (at ./Library/PackageCache/com.unity.ml-agents@2b4ded88494d/Runtime/Actuators/VectorActuator.cs:76)
Unity.MLAgents.Actuators.ActuatorManager:ExecuteActions () (at ./Library/PackageCache/com.unity.ml-agents@2b4ded88494d/Runtime/Actuators/ActuatorManager.cs:295)
Unity.MLAgents.Agent:AgentStep () (at ./Library/PackageCache/com.unity.ml-agents@2b4ded88494d/Runtime/Agent.cs:1395)
Unity.MLAgents.Academy:EnvironmentStep () (at ./Library/PackageCache/com.unity.ml-agents@2b4ded88494d/Runtime/Academy.cs:601)
Unity.MLAgents.AcademyFixedUpdateStepper:FixedUpdate () (at ./Library/PackageCache/com.unity.ml-agents@2b4ded88494d/Runtime/Academy.cs:43)

(Filename: /home/adriano/Desktop/maze-solver-rl/Assets/Scripts/Strategies/HierarchicalStrategy.cs Line: 155)

Waypoint 10 reached! New target is waypoint 11.
UnityEngine.Debug:ExtractStackTraceNoAlloc (byte*,int,string)
UnityEngine.StackTraceUtility:ExtractStackTrace () (at /home/bokken/build/output/unity/unity/Runtime/Export/Scripting/StackTrace.cs:37)
UnityEngine.DebugLogHandler:Internal_Log (UnityEngine.LogType,UnityEngine.LogOption,string,UnityEngine.Object)
UnityEngine.DebugLogHandler:LogFormat (UnityEngine.LogType,UnityEngine.Object,string,object[])
UnityEngine.Logger:Log (UnityEngine.LogType,object)
UnityEngine.Debug:Log (object)
HierarchicalStrategy:ProcessActions () (at /home/adriano/Desktop/maze-solver-rl/Assets/Scripts/Strategies/HierarchicalStrategy.cs:155)
StrategicPlatformAgent:OnActionReceived (Unity.MLAgents.Actuators.ActionBuffers) (at /home/adriano/Desktop/maze-solver-rl/Assets/Scripts/Agents/StrategicPlatformAgent.cs:52)
Unity.MLAgents.Actuators.VectorActuator:OnActionReceived (Unity.MLAgents.Actuators.ActionBuffers) (at ./Library/PackageCache/com.unity.ml-agents@2b4ded88494d/Runtime/Actuators/VectorActuator.cs:76)
Unity.MLAgents.Actuators.ActuatorManager:ExecuteActions () (at ./Library/PackageCache/com.unity.ml-agents@2b4ded88494d/Runtime/Actuators/ActuatorManager.cs:295)
Unity.MLAgents.Agent:AgentStep () (at ./Library/PackageCache/com.unity.ml-agents@2b4ded88494d/Runtime/Agent.cs:1395)
Unity.MLAgents.Academy:EnvironmentStep () (at ./Library/PackageCache/com.unity.ml-agents@2b4ded88494d/Runtime/Academy.cs:601)
Unity.MLAgents.AcademyFixedUpdateStepper:FixedUpdate () (at ./Library/PackageCache/com.unity.ml-agents@2b4ded88494d/Runtime/Academy.cs:43)

(Filename: /home/adriano/Desktop/maze-solver-rl/Assets/Scripts/Strategies/HierarchicalStrategy.cs Line: 155)

Waypoint 11 reached! New target is waypoint 12.
UnityEngine.Debug:ExtractStackTraceNoAlloc (byte*,int,string)
UnityEngine.StackTraceUtility:ExtractStackTrace () (at /home/bokken/build/output/unity/unity/Runtime/Export/Scripting/StackTrace.cs:37)
UnityEngine.DebugLogHandler:Internal_Log (UnityEngine.LogType,UnityEngine.LogOption,string,UnityEngine.Object)
UnityEngine.DebugLogHandler:LogFormat (UnityEngine.LogType,UnityEngine.Object,string,object[])
UnityEngine.Logger:Log (UnityEngine.LogType,object)
UnityEngine.Debug:Log (object)
HierarchicalStrategy:ProcessActions () (at /home/adriano/Desktop/maze-solver-rl/Assets/Scripts/Strategies/HierarchicalStrategy.cs:155)
StrategicPlatformAgent:OnActionReceived (Unity.MLAgents.Actuators.ActionBuffers) (at /home/adriano/Desktop/maze-solver-rl/Assets/Scripts/Agents/StrategicPlatformAgent.cs:52)
Unity.MLAgents.Actuators.VectorActuator:OnActionReceived (Unity.MLAgents.Actuators.ActionBuffers) (at ./Library/PackageCache/com.unity.ml-agents@2b4ded88494d/Runtime/Actuators/VectorActuator.cs:76)
Unity.MLAgents.Actuators.ActuatorManager:ExecuteActions () (at ./Library/PackageCache/com.unity.ml-agents@2b4ded88494d/Runtime/Actuators/ActuatorManager.cs:295)
Unity.MLAgents.Agent:AgentStep () (at ./Library/PackageCache/com.unity.ml-agents@2b4ded88494d/Runtime/Agent.cs:1395)
Unity.MLAgents.Academy:EnvironmentStep () (at ./Library/PackageCache/com.unity.ml-agents@2b4ded88494d/Runtime/Academy.cs:601)
Unity.MLAgents.AcademyFixedUpdateStepper:FixedUpdate () (at ./Library/PackageCache/com.unity.ml-agents@2b4ded88494d/Runtime/Academy.cs:43)

(Filename: /home/adriano/Desktop/maze-solver-rl/Assets/Scripts/Strategies/HierarchicalStrategy.cs Line: 155)

Waypoint 12 reached! New target is waypoint 13.
UnityEngine.Debug:ExtractStackTraceNoAlloc (byte*,int,string)
UnityEngine.StackTraceUtility:ExtractStackTrace () (at /home/bokken/build/output/unity/unity/Runtime/Export/Scripting/StackTrace.cs:37)
UnityEngine.DebugLogHandler:Internal_Log (UnityEngine.LogType,UnityEngine.LogOption,string,UnityEngine.Object)
UnityEngine.DebugLogHandler:LogFormat (UnityEngine.LogType,UnityEngine.Object,string,object[])
UnityEngine.Logger:Log (UnityEngine.LogType,object)
UnityEngine.Debug:Log (object)
HierarchicalStrategy:ProcessActions () (at /home/adriano/Desktop/maze-solver-rl/Assets/Scripts/Strategies/HierarchicalStrategy.cs:155)
StrategicPlatformAgent:OnActionReceived (Unity.MLAgents.Actuators.ActionBuffers) (at /home/adriano/Desktop/maze-solver-rl/Assets/Scripts/Agents/StrategicPlatformAgent.cs:52)
Unity.MLAgents.Actuators.VectorActuator:OnActionReceived (Unity.MLAgents.Actuators.ActionBuffers) (at ./Library/PackageCache/com.unity.ml-agents@2b4ded88494d/Runtime/Actuators/VectorActuator.cs:76)
Unity.MLAgents.Actuators.ActuatorManager:ExecuteActions () (at ./Library/PackageCache/com.unity.ml-agents@2b4ded88494d/Runtime/Actuators/ActuatorManager.cs:295)
Unity.MLAgents.Agent:AgentStep () (at ./Library/PackageCache/com.unity.ml-agents@2b4ded88494d/Runtime/Agent.cs:1395)
Unity.MLAgents.Academy:EnvironmentStep () (at ./Library/PackageCache/com.unity.ml-agents@2b4ded88494d/Runtime/Academy.cs:601)
Unity.MLAgents.AcademyFixedUpdateStepper:FixedUpdate () (at ./Library/PackageCache/com.unity.ml-agents@2b4ded88494d/Runtime/Academy.cs:43)

(Filename: /home/adriano/Desktop/maze-solver-rl/Assets/Scripts/Strategies/HierarchicalStrategy.cs Line: 155)

Waypoint 13 reached! New target is waypoint 14.
UnityEngine.Debug:ExtractStackTraceNoAlloc (byte*,int,string)
UnityEngine.StackTraceUtility:ExtractStackTrace () (at /home/bokken/build/output/unity/unity/Runtime/Export/Scripting/StackTrace.cs:37)
UnityEngine.DebugLogHandler:Internal_Log (UnityEngine.LogType,UnityEngine.LogOption,string,UnityEngine.Object)
UnityEngine.DebugLogHandler:LogFormat (UnityEngine.LogType,UnityEngine.Object,string,object[])
UnityEngine.Logger:Log (UnityEngine.LogType,object)
UnityEngine.Debug:Log (object)
HierarchicalStrategy:ProcessActions () (at /home/adriano/Desktop/maze-solver-rl/Assets/Scripts/Strategies/HierarchicalStrategy.cs:155)
StrategicPlatformAgent:OnActionReceived (Unity.MLAgents.Actuators.ActionBuffers) (at /home/adriano/Desktop/maze-solver-rl/Assets/Scripts/Agents/StrategicPlatformAgent.cs:52)
Unity.MLAgents.Actuators.VectorActuator:OnActionReceived (Unity.MLAgents.Actuators.ActionBuffers) (at ./Library/PackageCache/com.unity.ml-agents@2b4ded88494d/Runtime/Actuators/VectorActuator.cs:76)
Unity.MLAgents.Actuators.ActuatorManager:ExecuteActions () (at ./Library/PackageCache/com.unity.ml-agents@2b4ded88494d/Runtime/Actuators/ActuatorManager.cs:295)
Unity.MLAgents.Agent:AgentStep () (at ./Library/PackageCache/com.unity.ml-agents@2b4ded88494d/Runtime/Agent.cs:1395)
Unity.MLAgents.Academy:EnvironmentStep () (at ./Library/PackageCache/com.unity.ml-agents@2b4ded88494d/Runtime/Academy.cs:601)
Unity.MLAgents.AcademyFixedUpdateStepper:FixedUpdate () (at ./Library/PackageCache/com.unity.ml-agents@2b4ded88494d/Runtime/Academy.cs:43)

(Filename: /home/adriano/Desktop/maze-solver-rl/Assets/Scripts/Strategies/HierarchicalStrategy.cs Line: 155)

Waypoint 14 reached! New target is waypoint 15.
UnityEngine.Debug:ExtractStackTraceNoAlloc (byte*,int,string)
UnityEngine.StackTraceUtility:ExtractStackTrace () (at /home/bokken/build/output/unity/unity/Runtime/Export/Scripting/StackTrace.cs:37)
UnityEngine.DebugLogHandler:Internal_Log (UnityEngine.LogType,UnityEngine.LogOption,string,UnityEngine.Object)
UnityEngine.DebugLogHandler:LogFormat (UnityEngine.LogType,UnityEngine.Object,string,object[])
UnityEngine.Logger:Log (UnityEngine.LogType,object)
UnityEngine.Debug:Log (object)
HierarchicalStrategy:ProcessActions () (at /home/adriano/Desktop/maze-solver-rl/Assets/Scripts/Strategies/HierarchicalStrategy.cs:155)
StrategicPlatformAgent:OnActionReceived (Unity.MLAgents.Actuators.ActionBuffers) (at /home/adriano/Desktop/maze-solver-rl/Assets/Scripts/Agents/StrategicPlatformAgent.cs:52)
Unity.MLAgents.Actuators.VectorActuator:OnActionReceived (Unity.MLAgents.Actuators.ActionBuffers) (at ./Library/PackageCache/com.unity.ml-agents@2b4ded88494d/Runtime/Actuators/VectorActuator.cs:76)
Unity.MLAgents.Actuators.ActuatorManager:ExecuteActions () (at ./Library/PackageCache/com.unity.ml-agents@2b4ded88494d/Runtime/Actuators/ActuatorManager.cs:295)
Unity.MLAgents.Agent:AgentStep () (at ./Library/PackageCache/com.unity.ml-agents@2b4ded88494d/Runtime/Agent.cs:1395)
Unity.MLAgents.Academy:EnvironmentStep () (at ./Library/PackageCache/com.unity.ml-agents@2b4ded88494d/Runtime/Academy.cs:601)
Unity.MLAgents.AcademyFixedUpdateStepper:FixedUpdate () (at ./Library/PackageCache/com.unity.ml-agents@2b4ded88494d/Runtime/Academy.cs:43)

(Filename: /home/adriano/Desktop/maze-solver-rl/Assets/Scripts/Strategies/HierarchicalStrategy.cs Line: 155)

Waypoint 15 reached! New target is waypoint 16.
UnityEngine.Debug:ExtractStackTraceNoAlloc (byte*,int,string)
UnityEngine.StackTraceUtility:ExtractStackTrace () (at /home/bokken/build/output/unity/unity/Runtime/Export/Scripting/StackTrace.cs:37)
UnityEngine.DebugLogHandler:Internal_Log (UnityEngine.LogType,UnityEngine.LogOption,string,UnityEngine.Object)
UnityEngine.DebugLogHandler:LogFormat (UnityEngine.LogType,UnityEngine.Object,string,object[])
UnityEngine.Logger:Log (UnityEngine.LogType,object)
UnityEngine.Debug:Log (object)
HierarchicalStrategy:ProcessActions () (at /home/adriano/Desktop/maze-solver-rl/Assets/Scripts/Strategies/HierarchicalStrategy.cs:155)
StrategicPlatformAgent:OnActionReceived (Unity.MLAgents.Actuators.ActionBuffers) (at /home/adriano/Desktop/maze-solver-rl/Assets/Scripts/Agents/StrategicPlatformAgent.cs:52)
Unity.MLAgents.Actuators.VectorActuator:OnActionReceived (Unity.MLAgents.Actuators.ActionBuffers) (at ./Library/PackageCache/com.unity.ml-agents@2b4ded88494d/Runtime/Actuators/VectorActuator.cs:76)
Unity.MLAgents.Actuators.ActuatorManager:ExecuteActions () (at ./Library/PackageCache/com.unity.ml-agents@2b4ded88494d/Runtime/Actuators/ActuatorManager.cs:295)
Unity.MLAgents.Agent:AgentStep () (at ./Library/PackageCache/com.unity.ml-agents@2b4ded88494d/Runtime/Agent.cs:1395)
Unity.MLAgents.Academy:EnvironmentStep () (at ./Library/PackageCache/com.unity.ml-agents@2b4ded88494d/Runtime/Academy.cs:601)
Unity.MLAgents.AcademyFixedUpdateStepper:FixedUpdate () (at ./Library/PackageCache/com.unity.ml-agents@2b4ded88494d/Runtime/Academy.cs:43)

(Filename: /home/adriano/Desktop/maze-solver-rl/Assets/Scripts/Strategies/HierarchicalStrategy.cs Line: 155)

Waypoint 16 reached! New target is waypoint 17.
UnityEngine.Debug:ExtractStackTraceNoAlloc (byte*,int,string)
UnityEngine.StackTraceUtility:ExtractStackTrace () (at /home/bokken/build/output/unity/unity/Runtime/Export/Scripting/StackTrace.cs:37)
UnityEngine.DebugLogHandler:Internal_Log (UnityEngine.LogType,UnityEngine.LogOption,string,UnityEngine.Object)
UnityEngine.DebugLogHandler:LogFormat (UnityEngine.LogType,UnityEngine.Object,string,object[])
UnityEngine.Logger:Log (UnityEngine.LogType,object)
UnityEngine.Debug:Log (object)
HierarchicalStrategy:ProcessActions () (at /home/adriano/Desktop/maze-solver-rl/Assets/Scripts/Strategies/HierarchicalStrategy.cs:155)
StrategicPlatformAgent:OnActionReceived (Unity.MLAgents.Actuators.ActionBuffers) (at /home/adriano/Desktop/maze-solver-rl/Assets/Scripts/Agents/StrategicPlatformAgent.cs:52)
Unity.MLAgents.Actuators.VectorActuator:OnActionReceived (Unity.MLAgents.Actuators.ActionBuffers) (at ./Library/PackageCache/com.unity.ml-agents@2b4ded88494d/Runtime/Actuators/VectorActuator.cs:76)
Unity.MLAgents.Actuators.ActuatorManager:ExecuteActions () (at ./Library/PackageCache/com.unity.ml-agents@2b4ded88494d/Runtime/Actuators/ActuatorManager.cs:295)
Unity.MLAgents.Agent:AgentStep () (at ./Library/PackageCache/com.unity.ml-agents@2b4ded88494d/Runtime/Agent.cs:1395)
Unity.MLAgents.Academy:EnvironmentStep () (at ./Library/PackageCache/com.unity.ml-agents@2b4ded88494d/Runtime/Academy.cs:601)
Unity.MLAgents.AcademyFixedUpdateStepper:FixedUpdate () (at ./Library/PackageCache/com.unity.ml-agents@2b4ded88494d/Runtime/Academy.cs:43)

(Filename: /home/adriano/Desktop/maze-solver-rl/Assets/Scripts/Strategies/HierarchicalStrategy.cs Line: 155)

Waypoint 17 reached! New target is waypoint 18.
UnityEngine.Debug:ExtractStackTraceNoAlloc (byte*,int,string)
UnityEngine.StackTraceUtility:ExtractStackTrace () (at /home/bokken/build/output/unity/unity/Runtime/Export/Scripting/StackTrace.cs:37)
UnityEngine.DebugLogHandler:Internal_Log (UnityEngine.LogType,UnityEngine.LogOption,string,UnityEngine.Object)
UnityEngine.DebugLogHandler:LogFormat (UnityEngine.LogType,UnityEngine.Object,string,object[])
UnityEngine.Logger:Log (UnityEngine.LogType,object)
UnityEngine.Debug:Log (object)
HierarchicalStrategy:ProcessActions () (at /home/adriano/Desktop/maze-solver-rl/Assets/Scripts/Strategies/HierarchicalStrategy.cs:155)
StrategicPlatformAgent:OnActionReceived (Unity.MLAgents.Actuators.ActionBuffers) (at /home/adriano/Desktop/maze-solver-rl/Assets/Scripts/Agents/StrategicPlatformAgent.cs:52)
Unity.MLAgents.Actuators.VectorActuator:OnActionReceived (Unity.MLAgents.Actuators.ActionBuffers) (at ./Library/PackageCache/com.unity.ml-agents@2b4ded88494d/Runtime/Actuators/VectorActuator.cs:76)
Unity.MLAgents.Actuators.ActuatorManager:ExecuteActions () (at ./Library/PackageCache/com.unity.ml-agents@2b4ded88494d/Runtime/Actuators/ActuatorManager.cs:295)
Unity.MLAgents.Agent:AgentStep () (at ./Library/PackageCache/com.unity.ml-agents@2b4ded88494d/Runtime/Agent.cs:1395)
Unity.MLAgents.Academy:EnvironmentStep () (at ./Library/PackageCache/com.unity.ml-agents@2b4ded88494d/Runtime/Academy.cs:601)
Unity.MLAgents.AcademyFixedUpdateStepper:FixedUpdate () (at ./Library/PackageCache/com.unity.ml-agents@2b4ded88494d/Runtime/Academy.cs:43)

(Filename: /home/adriano/Desktop/maze-solver-rl/Assets/Scripts/Strategies/HierarchicalStrategy.cs Line: 155)

Waypoint 18 reached! New target is waypoint 19.
UnityEngine.Debug:ExtractStackTraceNoAlloc (byte*,int,string)
UnityEngine.StackTraceUtility:ExtractStackTrace () (at /home/bokken/build/output/unity/unity/Runtime/Export/Scripting/StackTrace.cs:37)
UnityEngine.DebugLogHandler:Internal_Log (UnityEngine.LogType,UnityEngine.LogOption,string,UnityEngine.Object)
UnityEngine.DebugLogHandler:LogFormat (UnityEngine.LogType,UnityEngine.Object,string,object[])
UnityEngine.Logger:Log (UnityEngine.LogType,object)
UnityEngine.Debug:Log (object)
HierarchicalStrategy:ProcessActions () (at /home/adriano/Desktop/maze-solver-rl/Assets/Scripts/Strategies/HierarchicalStrategy.cs:155)
StrategicPlatformAgent:OnActionReceived (Unity.MLAgents.Actuators.ActionBuffers) (at /home/adriano/Desktop/maze-solver-rl/Assets/Scripts/Agents/StrategicPlatformAgent.cs:52)
Unity.MLAgents.Actuators.VectorActuator:OnActionReceived (Unity.MLAgents.Actuators.ActionBuffers) (at ./Library/PackageCache/com.unity.ml-agents@2b4ded88494d/Runtime/Actuators/VectorActuator.cs:76)
Unity.MLAgents.Actuators.ActuatorManager:ExecuteActions () (at ./Library/PackageCache/com.unity.ml-agents@2b4ded88494d/Runtime/Actuators/ActuatorManager.cs:295)
Unity.MLAgents.Agent:AgentStep () (at ./Library/PackageCache/com.unity.ml-agents@2b4ded88494d/Runtime/Agent.cs:1395)
Unity.MLAgents.Academy:EnvironmentStep () (at ./Library/PackageCache/com.unity.ml-agents@2b4ded88494d/Runtime/Academy.cs:601)
Unity.MLAgents.AcademyFixedUpdateStepper:FixedUpdate () (at ./Library/PackageCache/com.unity.ml-agents@2b4ded88494d/Runtime/Academy.cs:43)

(Filename: /home/adriano/Desktop/maze-solver-rl/Assets/Scripts/Strategies/HierarchicalStrategy.cs Line: 155)

Waypoint 19 reached! New target is waypoint 20.
UnityEngine.Debug:ExtractStackTraceNoAlloc (byte*,int,string)
UnityEngine.StackTraceUtility:ExtractStackTrace () (at /home/bokken/build/output/unity/unity/Runtime/Export/Scripting/StackTrace.cs:37)
UnityEngine.DebugLogHandler:Internal_Log (UnityEngine.LogType,UnityEngine.LogOption,string,UnityEngine.Object)
UnityEngine.DebugLogHandler:LogFormat (UnityEngine.LogType,UnityEngine.Object,string,object[])
UnityEngine.Logger:Log (UnityEngine.LogType,object)
UnityEngine.Debug:Log (object)
HierarchicalStrategy:ProcessActions () (at /home/adriano/Desktop/maze-solver-rl/Assets/Scripts/Strategies/HierarchicalStrategy.cs:155)
StrategicPlatformAgent:OnActionReceived (Unity.MLAgents.Actuators.ActionBuffers) (at /home/adriano/Desktop/maze-solver-rl/Assets/Scripts/Agents/StrategicPlatformAgent.cs:52)
Unity.MLAgents.Actuators.VectorActuator:OnActionReceived (Unity.MLAgents.Actuators.ActionBuffers) (at ./Library/PackageCache/com.unity.ml-agents@2b4ded88494d/Runtime/Actuators/VectorActuator.cs:76)
Unity.MLAgents.Actuators.ActuatorManager:ExecuteActions () (at ./Library/PackageCache/com.unity.ml-agents@2b4ded88494d/Runtime/Actuators/ActuatorManager.cs:295)
Unity.MLAgents.Agent:AgentStep () (at ./Library/PackageCache/com.unity.ml-agents@2b4ded88494d/Runtime/Agent.cs:1395)
Unity.MLAgents.Academy:EnvironmentStep () (at ./Library/PackageCache/com.unity.ml-agents@2b4ded88494d/Runtime/Academy.cs:601)
Unity.MLAgents.AcademyFixedUpdateStepper:FixedUpdate () (at ./Library/PackageCache/com.unity.ml-agents@2b4ded88494d/Runtime/Academy.cs:43)

(Filename: /home/adriano/Desktop/maze-solver-rl/Assets/Scripts/Strategies/HierarchicalStrategy.cs Line: 155)

Unable to save timers to file /home/adriano/Desktop/maze-solver-rl/Build/OnlyWaypoints/mazes_Data/ML-Agents/Timers/MazeScene_timers.json
UnityEngine.Debug:ExtractStackTraceNoAlloc (byte*,int,string)
UnityEngine.StackTraceUtility:ExtractStackTrace () (at /home/bokken/build/output/unity/unity/Runtime/Export/Scripting/StackTrace.cs:37)
UnityEngine.DebugLogHandler:Internal_Log (UnityEngine.LogType,UnityEngine.LogOption,string,UnityEngine.Object)
UnityEngine.DebugLogHandler:LogFormat (UnityEngine.LogType,UnityEngine.Object,string,object[])
UnityEngine.Logger:Log (UnityEngine.LogType,object)
UnityEngine.Debug:LogWarning (object)
Unity.MLAgents.TimerStack:SaveJsonTimers (string) (at ./Library/PackageCache/com.unity.ml-agents@2b4ded88494d/Runtime/Timer.cs:513)
Unity.MLAgents.Academy:Dispose () (at ./Library/PackageCache/com.unity.ml-agents@2b4ded88494d/Runtime/Academy.cs:673)
UnityEngine.Application:Internal_ApplicationQuit () (at /home/bokken/build/output/unity/unity/Runtime/Export/Application/Application.cs:370)

(Filename: ./Library/PackageCache/com.unity.ml-agents@2b4ded88494d/Runtime/Timer.cs Line: 513)

[Physics::Module] Cleanup current backned.
[Physics::Module] Id: 0xf2b8ea05
Input System module state changed to: ShutdownInProgress.
Input System polling thread exited.
Input System module state changed to: Shutdown.
PlayerConnection::Cleanup##utp:{"type":"MemoryLeaks","version":2,"phase":"Immediate","time":1750848674991,"processId":13849,"allocatedMemory":73976,"memoryLabels":[{"Default":136},{"NewDelete":15872},{"Manager":11762},{"VFX":-104},{"Shader":1344},{"Serialization":144},{"JobScheduler":34056},{"String":346},{"DynamicArray":3072},{"HashMap":3584},{"Utility":736},{"PoolAlloc":624},{"VR":1816},{"NativeArray":372},{"Subsystems":96},{"CoreBusinessMetrics":120}]}
